# JRE version: OpenJDK Runtime Environment (8.0_121-b13) (build 1.8.0_121-b13)
# Java VM: OpenJDK 64-Bit Server VM (25.121-b13 mixed mode linux-amd64 compressed oops)
Heap:
 garbage-first heap   total 262144K, used 182382K [0x00000000c0000000, 0x00000000c0100800, 0x0000000100000000)
  region size 1024K, 51 young (52224K), 3 survivors (3072K)
 Metaspace       used 110534K, capacity 121018K, committed 121240K, reserved 1155072K
  class space    used 12926K, capacity 16235K, committed 16280K, reserved 1048576K
GC Heap History (10 events):
Event: 25312.010 GC heap before
{Heap before GC invocations=241 (full 0):
 garbage-first heap   total 262144K, used 233118K [0x00000000c0000000, 0x00000000c0100800, 0x0000000100000000)
  region size 1024K, 98 young (100352K), 2 survivors (2048K)
 Metaspace       used 110489K, capacity 120966K, committed 121240K, reserved 1155072K
  class space    used 12927K, capacity 16237K, committed 16280K, reserved 1048576K
Event: 25312.036 GC heap after
Heap after GC invocations=242 (full 0):
 garbage-first heap   total 262144K, used 134979K [0x00000000c0000000, 0x00000000c0100800, 0x0000000100000000)
  region size 1024K, 2 young (2048K), 2 survivors (2048K)
 Metaspace       used 110489K, capacity 120966K, committed 121240K, reserved 1155072K
  class space    used 12927K, capacity 16237K, committed 16280K, reserved 1048576K
}
Event: 25352.759 GC heap before
{Heap before GC invocations=243 (full 0):
 garbage-first heap   total 262144K, used 232309K [0x00000000c0000000, 0x00000000c0100800, 0x0000000100000000)
  region size 1024K, 98 young (100352K), 2 survivors (2048K)
 Metaspace       used 110500K, capacity 120954K, committed 121240K, reserved 1155072K
  class space    used 12926K, capacity 16235K, committed 16280K, reserved 1048576K
Event: 25352.784 GC heap after
Heap after GC invocations=244 (full 0):
 garbage-first heap   total 262144K, used 135679K [0x00000000c0000000, 0x00000000c0100800, 0x0000000100000000)
  region size 1024K, 4 young (4096K), 4 survivors (4096K)
 Metaspace       used 110500K, capacity 120954K, committed 121240K, reserved 1155072K
  class space    used 12926K, capacity 16235K, committed 16280K, reserved 1048576K
}
Event: 25355.784 GC heap before
{Heap before GC invocations=244 (full 0):
 garbage-first heap   total 262144K, used 143871K [0x00000000c0000000, 0x00000000c0100800, 0x0000000100000000)
  region size 1024K, 12 young (12288K), 4 survivors (4096K)
 Metaspace       used 110501K, capacity 120954K, committed 121240K, reserved 1155072K
  class space    used 12926K, capacity 16235K, committed 16280K, reserved 1048576K
Event: 25355.809 GC heap after
Heap after GC invocations=245 (full 0):
 garbage-first heap   total 262144K, used 132800K [0x00000000c0000000, 0x00000000c0100800, 0x0000000100000000)
  region size 1024K, 2 young (2048K), 2 survivors (2048K)
 Metaspace       used 110501K, capacity 120954K, committed 121240K, reserved 1155072K
  class space    used 12926K, capacity 16235K, committed 16280K, reserved 1048576K
}
Event: 25375.684 GC heap before
{Heap before GC invocations=245 (full 0):
 garbage-first heap   total 262144K, used 231104K [0x00000000c0000000, 0x00000000c0100800, 0x0000000100000000)
  region size 1024K, 98 young (100352K), 2 survivors (2048K)
 Metaspace       used 110511K, capacity 121018K, committed 121240K, reserved 1155072K
  class space    used 12926K, capacity 16235K, committed 16280K, reserved 1048576K
Event: 25375.710 GC heap after
Heap after GC invocations=246 (full 0):
 garbage-first heap   total 262144K, used 132799K [0x00000000c0000000, 0x00000000c0100800, 0x0000000100000000)
  region size 1024K, 2 young (2048K), 2 survivors (2048K)
 Metaspace       used 110511K, capacity 121018K, committed 121240K, reserved 1155072K
  class space    used 12926K, capacity 16235K, committed 16280K, reserved 1048576K
}
Event: 26152.783 GC heap before
{Heap before GC invocations=246 (full 0):
 garbage-first heap   total 262144K, used 231103K [0x00000000c0000000, 0x00000000c0100800, 0x0000000100000000)
  region size 1024K, 98 young (100352K), 2 survivors (2048K)
 Metaspace       used 110531K, capacity 121018K, committed 121240K, reserved 1155072K
  class space    used 12926K, capacity 16235K, committed 16280K, reserved 1048576K
Event: 26152.824 GC heap after
Heap after GC invocations=247 (full 0):
 garbage-first heap   total 262144K, used 134254K [0x00000000c0000000, 0x00000000c0100800, 0x0000000100000000)
  region size 1024K, 3 young (3072K), 3 survivors (3072K)
 Metaspace       used 110531K, capacity 121018K, committed 121240K, reserved 1155072K
  class space    used 12926K, capacity 16235K, committed 16280K, reserved 1048576K
}

